This file contains any messages produced by compilers while
running configure, to aid debugging if configure makes a mistake.

It was created by PR configure 0.0.1, which was
generated by GNU Autoconf 2.71.  Invocation command line was

  $ ./configure

## --------- ##
## Platform. ##
## --------- ##

hostname = ppti-14-401-05
uname -m = x86_64
uname -r = 6.1.0-11-amd64
uname -s = Linux
uname -v = #1 SMP PREEMPT_DYNAMIC Debian 6.1.38-4 (2023-08-08)

/usr/bin/uname -p = unknown
/bin/uname -X     = unknown

/bin/arch              = x86_64
/usr/bin/arch -k       = unknown
/usr/convex/getsysinfo = unknown
/usr/bin/hostinfo      = unknown
/bin/machine           = unknown
/usr/bin/oslevel       = unknown
/bin/universe          = unknown

PATH: /usr/local/sbin/
PATH: /usr/local/bin/
PATH: /usr/sbin/
PATH: /usr/bin/
PATH: /sbin/
PATH: /bin/
PATH: ./
PATH: /usr/local/cuda-11.6/bin/
PATH: /usr/local/cuda-11.6/bin/
PATH: /usr/local/cuda-12.2/bin/


## ----------- ##
## Core tests. ##
## ----------- ##

configure:2363: looking for aux files: compile missing install-sh
configure:2376:  trying ./
configure:2405:   ./compile found
configure:2405:   ./missing found
configure:2387:   ./install-sh found
configure:2536: checking for a BSD-compatible install
configure:2609: result: /usr/bin/install -c
configure:2620: checking whether build environment is sane
configure:2675: result: yes
configure:2834: checking for a race-free mkdir -p
configure:2878: result: /usr/bin/mkdir -p
configure:2885: checking for gawk
configure:2906: found /usr/bin/gawk
configure:2917: result: gawk
configure:2928: checking whether make sets $(MAKE)
configure:2951: result: yes
configure:2981: checking whether make supports nested variables
configure:2999: result: yes
configure:3211: checking for gcc
configure:3232: found /usr/bin/gcc
configure:3243: result: gcc
configure:3596: checking for C compiler version
configure:3605: gcc --version >&5
gcc (Debian 12.2.0-14) 12.2.0
Copyright (C) 2022 Free Software Foundation, Inc.
This is free software; see the source for copying conditions.  There is NO
warranty; not even for MERCHANTABILITY or FITNESS FOR A PARTICULAR PURPOSE.

configure:3616: $? = 0
configure:3605: gcc -v >&5
Using built-in specs.
COLLECT_GCC=gcc
COLLECT_LTO_WRAPPER=/usr/lib/gcc/x86_64-linux-gnu/12/lto-wrapper
OFFLOAD_TARGET_NAMES=nvptx-none:amdgcn-amdhsa
OFFLOAD_TARGET_DEFAULT=1
Target: x86_64-linux-gnu
Configured with: ../src/configure -v --with-pkgversion='Debian 12.2.0-14' --with-bugurl=file:///usr/share/doc/gcc-12/README.Bugs --enable-languages=c,ada,c++,go,d,fortran,objc,obj-c++,m2 --prefix=/usr --with-gcc-major-version-only --program-suffix=-12 --program-prefix=x86_64-linux-gnu- --enable-shared --enable-linker-build-id --libexecdir=/usr/lib --without-included-gettext --enable-threads=posix --libdir=/usr/lib --enable-nls --enable-clocale=gnu --enable-libstdcxx-debug --enable-libstdcxx-time=yes --with-default-libstdcxx-abi=new --enable-gnu-unique-object --disable-vtable-verify --enable-plugin --enable-default-pie --with-system-zlib --enable-libphobos-checking=release --with-target-system-zlib=auto --enable-objc-gc=auto --enable-multiarch --disable-werror --enable-cet --with-arch-32=i686 --with-abi=m64 --with-multilib-list=m32,m64,mx32 --enable-multilib --with-tune=generic --enable-offload-targets=nvptx-none=/build/gcc-12-bTRWOB/gcc-12-12.2.0/debian/tmp-nvptx/usr,amdgcn-amdhsa=/build/gcc-12-bTRWOB/gcc-12-12.2.0/debian/tmp-gcn/usr --enable-offload-defaulted --without-cuda-driver --enable-checking=release --build=x86_64-linux-gnu --host=x86_64-linux-gnu --target=x86_64-linux-gnu
Thread model: posix
Supported LTO compression algorithms: zlib zstd
gcc version 12.2.0 (Debian 12.2.0-14) 
... rest of stderr output deleted ...
configure:3616: $? = 0
configure:3605: gcc -V >&5
gcc: error: unrecognized command-line option '-V'
gcc: fatal error: no input files
compilation terminated.
configure:3616: $? = 1
configure:3605: gcc -qversion >&5
gcc: error: unrecognized command-line option '-qversion'; did you mean '--version'?
gcc: fatal error: no input files
compilation terminated.
configure:3616: $? = 1
configure:3605: gcc -version >&5
gcc: error: unrecognized command-line option '-version'
gcc: fatal error: no input files
compilation terminated.
configure:3616: $? = 1
configure:3636: checking whether the C compiler works
configure:3658: gcc    conftest.c  >&5
configure:3662: $? = 0
configure:3712: result: yes
configure:3715: checking for C compiler default output file name
configure:3717: result: a.out
configure:3723: checking for suffix of executables
configure:3730: gcc -o conftest    conftest.c  >&5
configure:3734: $? = 0
configure:3757: result: 
configure:3779: checking whether we are cross compiling
configure:3787: gcc -o conftest    conftest.c  >&5
configure:3791: $? = 0
configure:3798: ./conftest
configure:3802: $? = 0
configure:3817: result: no
configure:3822: checking for suffix of object files
configure:3845: gcc -c   conftest.c >&5
configure:3849: $? = 0
configure:3871: result: o
configure:3875: checking whether the compiler supports GNU C
configure:3895: gcc -c   conftest.c >&5
configure:3895: $? = 0
configure:3905: result: yes
configure:3916: checking whether gcc accepts -g
configure:3937: gcc -c -g  conftest.c >&5
configure:3937: $? = 0
configure:3981: result: yes
configure:4001: checking for gcc option to enable C11 features
configure:4016: gcc  -c -g -O2  conftest.c >&5
configure:4016: $? = 0
configure:4034: result: none needed
configure:4150: checking whether gcc understands -c and -o together
configure:4173: gcc -c conftest.c -o conftest2.o
configure:4176: $? = 0
configure:4173: gcc -c conftest.c -o conftest2.o
configure:4176: $? = 0
configure:4188: result: yes
configure:4208: checking whether make supports the include directive
configure:4223: make -f confmf.GNU && cat confinc.out
this is the am__doit target
configure:4226: $? = 0
configure:4245: result: yes (GNU style)
configure:4271: checking dependency style of gcc
configure:4383: result: gcc3
configure:4467: checking for g++
configure:4488: found /usr/bin/g++
configure:4499: result: g++
configure:4526: checking for C++ compiler version
configure:4535: g++ --version >&5
g++ (Debian 12.2.0-14) 12.2.0
Copyright (C) 2022 Free Software Foundation, Inc.
This is free software; see the source for copying conditions.  There is NO
warranty; not even for MERCHANTABILITY or FITNESS FOR A PARTICULAR PURPOSE.

configure:4546: $? = 0
configure:4535: g++ -v >&5
Using built-in specs.
COLLECT_GCC=g++
COLLECT_LTO_WRAPPER=/usr/lib/gcc/x86_64-linux-gnu/12/lto-wrapper
OFFLOAD_TARGET_NAMES=nvptx-none:amdgcn-amdhsa
OFFLOAD_TARGET_DEFAULT=1
Target: x86_64-linux-gnu
Configured with: ../src/configure -v --with-pkgversion='Debian 12.2.0-14' --with-bugurl=file:///usr/share/doc/gcc-12/README.Bugs --enable-languages=c,ada,c++,go,d,fortran,objc,obj-c++,m2 --prefix=/usr --with-gcc-major-version-only --program-suffix=-12 --program-prefix=x86_64-linux-gnu- --enable-shared --enable-linker-build-id --libexecdir=/usr/lib --without-included-gettext --enable-threads=posix --libdir=/usr/lib --enable-nls --enable-clocale=gnu --enable-libstdcxx-debug --enable-libstdcxx-time=yes --with-default-libstdcxx-abi=new --enable-gnu-unique-object --disable-vtable-verify --enable-plugin --enable-default-pie --with-system-zlib --enable-libphobos-checking=release --with-target-system-zlib=auto --enable-objc-gc=auto --enable-multiarch --disable-werror --enable-cet --with-arch-32=i686 --with-abi=m64 --with-multilib-list=m32,m64,mx32 --enable-multilib --with-tune=generic --enable-offload-targets=nvptx-none=/build/gcc-12-bTRWOB/gcc-12-12.2.0/debian/tmp-nvptx/usr,amdgcn-amdhsa=/build/gcc-12-bTRWOB/gcc-12-12.2.0/debian/tmp-gcn/usr --enable-offload-defaulted --without-cuda-driver --enable-checking=release --build=x86_64-linux-gnu --host=x86_64-linux-gnu --target=x86_64-linux-gnu
Thread model: posix
Supported LTO compression algorithms: zlib zstd
gcc version 12.2.0 (Debian 12.2.0-14) 
... rest of stderr output deleted ...
configure:4546: $? = 0
configure:4535: g++ -V >&5
g++: error: unrecognized command-line option '-V'
g++: fatal error: no input files
compilation terminated.
configure:4546: $? = 1
configure:4535: g++ -qversion >&5
g++: error: unrecognized command-line option '-qversion'; did you mean '--version'?
g++: fatal error: no input files
compilation terminated.
configure:4546: $? = 1
configure:4550: checking whether the compiler supports GNU C++
configure:4570: g++ -c -std=c++1y   conftest.cpp >&5
configure:4570: $? = 0
configure:4580: result: yes
configure:4591: checking whether g++ accepts -g
configure:4612: g++ -c -g  conftest.cpp >&5
configure:4612: $? = 0
configure:4656: result: yes
configure:4676: checking for g++ option to enable C++11 features
configure:4691: g++  -c -std=c++1y   conftest.cpp >&5
conftest.cpp: In function 'int main(int, char**)':
conftest.cpp:177:25: warning: empty parentheses were disambiguated as a function declaration [-Wvexing-parse]
  177 |   cxx11test::delegate d2();
      |                         ^~
conftest.cpp:177:25: note: remove parentheses to default-initialize a variable
  177 |   cxx11test::delegate d2();
      |                         ^~
      |                         --
conftest.cpp:177:25: note: or replace parentheses with braces to value-initialize a variable
configure:4691: $? = 0
configure:4709: result: none needed
configure:4775: checking dependency style of g++
configure:4887: result: gcc3
configure:5050: checking that generated files are newer than configure
configure:5056: result: done
configure:5083: creating ./config.status

## ---------------------- ##
## Running config.status. ##
## ---------------------- ##

This file was extended by PR config.status 0.0.1, which was
generated by GNU Autoconf 2.71.  Invocation command line was

  CONFIG_FILES    = 
  CONFIG_HEADERS  = 
  CONFIG_LINKS    = 
  CONFIG_COMMANDS = 
  $ ./config.status 

on ppti-14-401-05

config.status:776: creating Makefile
config.status:776: creating src/Makefile
config.status:948: executing depfiles commands
config.status:1025: cd src       && sed -e '/# am--include-marker/d' Makefile         | make -f - am--depfiles
config.status:1030: $? = 0

## ---------------- ##
## Cache variables. ##
## ---------------- ##

ac_cv_c_compiler_gnu=yes
ac_cv_cxx_compiler_gnu=yes
ac_cv_env_CCC_set=
ac_cv_env_CCC_value=
ac_cv_env_CC_set=
ac_cv_env_CC_value=
ac_cv_env_CFLAGS_set=
ac_cv_env_CFLAGS_value=
ac_cv_env_CPPFLAGS_set=
ac_cv_env_CPPFLAGS_value=
ac_cv_env_CXXFLAGS_set=
ac_cv_env_CXXFLAGS_value=
ac_cv_env_CXX_set=
ac_cv_env_CXX_value=
ac_cv_env_LDFLAGS_set=
ac_cv_env_LDFLAGS_value=
ac_cv_env_LIBS_set=
ac_cv_env_LIBS_value=
ac_cv_env_build_alias_set=
ac_cv_env_build_alias_value=
ac_cv_env_host_alias_set=
ac_cv_env_host_alias_value=
ac_cv_env_target_alias_set=
ac_cv_env_target_alias_value=
ac_cv_objext=o
ac_cv_path_install='/usr/bin/install -c'
ac_cv_path_mkdir=/usr/bin/mkdir
ac_cv_prog_AWK=gawk
ac_cv_prog_ac_ct_CC=gcc
ac_cv_prog_ac_ct_CXX=g++
ac_cv_prog_cc_c11=
ac_cv_prog_cc_g=yes
ac_cv_prog_cc_stdc=
ac_cv_prog_cxx_cxx11=
ac_cv_prog_cxx_g=yes
ac_cv_prog_cxx_stdcxx=
ac_cv_prog_make_make_set=yes
am_cv_CC_dependencies_compiler_type=gcc3
am_cv_CXX_dependencies_compiler_type=gcc3
am_cv_make_support_nested_variables=yes
am_cv_prog_cc_c_o=yes

## ----------------- ##
## Output variables. ##
## ----------------- ##

ACLOCAL='${SHELL} '\''/users/Etu7/21314557/Documents/PSCR-TME/TME1/exo1/missing'\'' aclocal-1.16'
AMDEPBACKSLASH='\'
AMDEP_FALSE='#'
AMDEP_TRUE=''
AMTAR='$${TAR-tar}'
AM_BACKSLASH='\'
AM_DEFAULT_V='$(AM_DEFAULT_VERBOSITY)'
AM_DEFAULT_VERBOSITY='1'
AM_V='$(V)'
AUTOCONF='${SHELL} '\''/users/Etu7/21314557/Documents/PSCR-TME/TME1/exo1/missing'\'' autoconf'
AUTOHEADER='${SHELL} '\''/users/Etu7/21314557/Documents/PSCR-TME/TME1/exo1/missing'\'' autoheader'
AUTOMAKE='${SHELL} '\''/users/Etu7/21314557/Documents/PSCR-TME/TME1/exo1/missing'\'' automake-1.16'
AWK='gawk'
CC='gcc'
CCDEPMODE='depmode=gcc3'
CFLAGS='-g -O2'
CPPFLAGS=''
CSCOPE='cscope'
CTAGS='ctags'
CXX='g++'
CXXDEPMODE='depmode=gcc3'
CXXFLAGS='-std=c++1y '
CYGPATH_W='echo'
DEFS='-DPACKAGE_NAME=\"PR\" -DPACKAGE_TARNAME=\"pr\" -DPACKAGE_VERSION=\"0.0.1\" -DPACKAGE_STRING=\"PR\ 0.0.1\" -DPACKAGE_BUGREPORT=\"bugs@bugs.org\" -DPACKAGE_URL=\"\" -DPACKAGE=\"pr\" -DVERSION=\"0.0.1\"'
DEPDIR='.deps'
ECHO_C=''
ECHO_N='-n'
ECHO_T=''
ETAGS='etags'
EXEEXT=''
INSTALL_DATA='${INSTALL} -m 644'
INSTALL_PROGRAM='${INSTALL}'
INSTALL_SCRIPT='${INSTALL}'
INSTALL_STRIP_PROGRAM='$(install_sh) -c -s'
LDFLAGS=''
LIBOBJS=''
LIBS=''
LTLIBOBJS=''
MAKEINFO='${SHELL} '\''/users/Etu7/21314557/Documents/PSCR-TME/TME1/exo1/missing'\'' makeinfo'
MKDIR_P='/usr/bin/mkdir -p'
OBJEXT='o'
PACKAGE='pr'
PACKAGE_BUGREPORT='bugs@bugs.org'
PACKAGE_NAME='PR'
PACKAGE_STRING='PR 0.0.1'
PACKAGE_TARNAME='pr'
PACKAGE_URL=''
PACKAGE_VERSION='0.0.1'
PATH_SEPARATOR=':'
SET_MAKE=''
SHELL='/bin/bash'
STRIP=''
VERSION='0.0.1'
ac_ct_CC='gcc'
ac_ct_CXX='g++'
am__EXEEXT_FALSE=''
am__EXEEXT_TRUE='#'
am__fastdepCC_FALSE='#'
am__fastdepCC_TRUE=''
am__fastdepCXX_FALSE='#'
am__fastdepCXX_TRUE=''
am__include='include'
am__isrc=''
am__leading_dot='.'
am__nodep='_no'
am__quote=''
am__tar='$${TAR-tar} chof - "$$tardir"'
am__untar='$${TAR-tar} xf -'
bindir='${exec_prefix}/bin'
build_alias=''
datadir='${datarootdir}'
datarootdir='${prefix}/share'
docdir='${datarootdir}/doc/${PACKAGE_TARNAME}'
dvidir='${docdir}'
exec_prefix='${prefix}'
host_alias=''
htmldir='${docdir}'
includedir='${prefix}/include'
infodir='${datarootdir}/info'
install_sh='${SHELL} /users/Etu7/21314557/Documents/PSCR-TME/TME1/exo1/install-sh'
libdir='${exec_prefix}/lib'
libexecdir='${exec_prefix}/libexec'
localedir='${datarootdir}/locale'
localstatedir='${prefix}/var'
mandir='${datarootdir}/man'
mkdir_p='$(MKDIR_P)'
oldincludedir='/usr/include'
pdfdir='${docdir}'
prefix='/usr/local'
program_transform_name='s,x,x,'
psdir='${docdir}'
runstatedir='${localstatedir}/run'
sbindir='${exec_prefix}/sbin'
sharedstatedir='${prefix}/com'
sysconfdir='${prefix}/etc'
target_alias=''

## ----------- ##
## confdefs.h. ##
## ----------- ##

/* confdefs.h */
#define PACKAGE_NAME "PR"
#define PACKAGE_TARNAME "pr"
#define PACKAGE_VERSION "0.0.1"
#define PACKAGE_STRING "PR 0.0.1"
#define PACKAGE_BUGREPORT "bugs@bugs.org"
#define PACKAGE_URL ""
#define PACKAGE "pr"
#define VERSION "0.0.1"

configure: exit 0
